<?xml version="1.0" encoding="UTF-8"?>
<testsuite xmlns:xsi="http://www.w3.org/2001/XMLSchema-instance" xsi:noNamespaceSchemaLocation="https://maven.apache.org/surefire/maven-surefire-plugin/xsd/surefire-test-report-3.0.xsd" version="3.0" name="org.example.OrderProcessorTest" time="0.025" tests="6" errors="0" skipped="0" failures="0">
  <properties>
    <property name="java.specification.version" value="23"/>
    <property name="sun.jnu.encoding" value="UTF-8"/>
    <property name="java.class.path" value="/Users/karolinanowacka/IdeaProjects/ocado_internship_25/target/test-classes:/Users/karolinanowacka/IdeaProjects/ocado_internship_25/target/classes:/Users/karolinanowacka/.m2/repository/com/fasterxml/jackson/core/jackson-databind/2.15.2/jackson-databind-2.15.2.jar:/Users/karolinanowacka/.m2/repository/com/fasterxml/jackson/core/jackson-annotations/2.15.2/jackson-annotations-2.15.2.jar:/Users/karolinanowacka/.m2/repository/com/fasterxml/jackson/core/jackson-core/2.15.2/jackson-core-2.15.2.jar:/Users/karolinanowacka/.m2/repository/org/junit/jupiter/junit-jupiter-api/5.10.0/junit-jupiter-api-5.10.0.jar:/Users/karolinanowacka/.m2/repository/org/opentest4j/opentest4j/1.3.0/opentest4j-1.3.0.jar:/Users/karolinanowacka/.m2/repository/org/junit/platform/junit-platform-commons/1.10.0/junit-platform-commons-1.10.0.jar:/Users/karolinanowacka/.m2/repository/org/apiguardian/apiguardian-api/1.1.2/apiguardian-api-1.1.2.jar:/Users/karolinanowacka/.m2/repository/org/junit/jupiter/junit-jupiter-engine/5.10.0/junit-jupiter-engine-5.10.0.jar:/Users/karolinanowacka/.m2/repository/org/junit/platform/junit-platform-engine/1.10.0/junit-platform-engine-1.10.0.jar:/Users/karolinanowacka/.m2/repository/org/junit/jupiter/junit-jupiter-params/5.10.0/junit-jupiter-params-5.10.0.jar:"/>
    <property name="java.vm.vendor" value="Homebrew"/>
    <property name="sun.arch.data.model" value="64"/>
    <property name="java.vendor.url" value="https://github.com/Homebrew/homebrew-core/issues"/>
    <property name="os.name" value="Mac OS X"/>
    <property name="java.vm.specification.version" value="23"/>
    <property name="sun.java.launcher" value="SUN_STANDARD"/>
    <property name="user.country" value="GB"/>
    <property name="sun.boot.library.path" value="/opt/homebrew/Cellar/openjdk/23.0.2/libexec/openjdk.jdk/Contents/Home/lib"/>
    <property name="sun.java.command" value="/Users/karolinanowacka/IdeaProjects/ocado_internship_25/target/surefire/surefirebooter-20250511193347548_3.jar /Users/karolinanowacka/IdeaProjects/ocado_internship_25/target/surefire 2025-05-11T19-33-47_493-jvmRun1 surefire-20250511193347548_1tmp surefire_0-20250511193347548_2tmp"/>
    <property name="http.nonProxyHosts" value="local|*.local|169.254/16|*.169.254/16"/>
    <property name="jdk.debug" value="release"/>
    <property name="surefire.test.class.path" value="/Users/karolinanowacka/IdeaProjects/ocado_internship_25/target/test-classes:/Users/karolinanowacka/IdeaProjects/ocado_internship_25/target/classes:/Users/karolinanowacka/.m2/repository/com/fasterxml/jackson/core/jackson-databind/2.15.2/jackson-databind-2.15.2.jar:/Users/karolinanowacka/.m2/repository/com/fasterxml/jackson/core/jackson-annotations/2.15.2/jackson-annotations-2.15.2.jar:/Users/karolinanowacka/.m2/repository/com/fasterxml/jackson/core/jackson-core/2.15.2/jackson-core-2.15.2.jar:/Users/karolinanowacka/.m2/repository/org/junit/jupiter/junit-jupiter-api/5.10.0/junit-jupiter-api-5.10.0.jar:/Users/karolinanowacka/.m2/repository/org/opentest4j/opentest4j/1.3.0/opentest4j-1.3.0.jar:/Users/karolinanowacka/.m2/repository/org/junit/platform/junit-platform-commons/1.10.0/junit-platform-commons-1.10.0.jar:/Users/karolinanowacka/.m2/repository/org/apiguardian/apiguardian-api/1.1.2/apiguardian-api-1.1.2.jar:/Users/karolinanowacka/.m2/repository/org/junit/jupiter/junit-jupiter-engine/5.10.0/junit-jupiter-engine-5.10.0.jar:/Users/karolinanowacka/.m2/repository/org/junit/platform/junit-platform-engine/1.10.0/junit-platform-engine-1.10.0.jar:/Users/karolinanowacka/.m2/repository/org/junit/jupiter/junit-jupiter-params/5.10.0/junit-jupiter-params-5.10.0.jar:"/>
    <property name="sun.cpu.endian" value="little"/>
    <property name="user.home" value="/Users/karolinanowacka"/>
    <property name="user.language" value="en"/>
    <property name="java.specification.vendor" value="Oracle Corporation"/>
    <property name="java.version.date" value="2025-01-21"/>
    <property name="java.home" value="/opt/homebrew/Cellar/openjdk/23.0.2/libexec/openjdk.jdk/Contents/Home"/>
    <property name="file.separator" value="/"/>
    <property name="basedir" value="/Users/karolinanowacka/IdeaProjects/ocado_internship_25"/>
    <property name="java.vm.compressedOopsMode" value="Zero based"/>
    <property name="line.separator" value="&#10;"/>
    <property name="java.vm.specification.vendor" value="Oracle Corporation"/>
    <property name="java.specification.name" value="Java Platform API Specification"/>
    <property name="apple.awt.application.name" value="ForkedBooter"/>
    <property name="surefire.real.class.path" value="/Users/karolinanowacka/IdeaProjects/ocado_internship_25/target/surefire/surefirebooter-20250511193347548_3.jar"/>
    <property name="sun.management.compiler" value="HotSpot 64-Bit Tiered Compilers"/>
    <property name="ftp.nonProxyHosts" value="local|*.local|169.254/16|*.169.254/16"/>
    <property name="java.runtime.version" value="23.0.2"/>
    <property name="user.name" value="karolinanowacka"/>
    <property name="stdout.encoding" value="UTF-8"/>
    <property name="path.separator" value=":"/>
    <property name="os.version" value="15.4.1"/>
    <property name="java.runtime.name" value="OpenJDK Runtime Environment"/>
    <property name="file.encoding" value="UTF-8"/>
    <property name="java.vm.name" value="OpenJDK 64-Bit Server VM"/>
    <property name="java.vendor.version" value="Homebrew"/>
    <property name="localRepository" value="/Users/karolinanowacka/.m2/repository"/>
    <property name="java.vendor.url.bug" value="https://github.com/Homebrew/homebrew-core/issues"/>
    <property name="java.io.tmpdir" value="/var/folders/59/h_j2j7191pd_k179g7dzln1m0000gn/T/"/>
    <property name="java.version" value="23.0.2"/>
    <property name="user.dir" value="/Users/karolinanowacka/IdeaProjects/ocado_internship_25"/>
    <property name="os.arch" value="aarch64"/>
    <property name="java.vm.specification.name" value="Java Virtual Machine Specification"/>
    <property name="native.encoding" value="UTF-8"/>
    <property name="java.library.path" value="/Users/karolinanowacka/Library/Java/Extensions:/Library/Java/Extensions:/Network/Library/Java/Extensions:/System/Library/Java/Extensions:/usr/lib/java:."/>
    <property name="java.vm.info" value="mixed mode, sharing"/>
    <property name="stderr.encoding" value="UTF-8"/>
    <property name="java.vendor" value="Homebrew"/>
    <property name="java.vm.version" value="23.0.2"/>
    <property name="sun.io.unicode.encoding" value="UnicodeBig"/>
    <property name="socksNonProxyHosts" value="local|*.local|169.254/16|*.169.254/16"/>
    <property name="java.class.version" value="67.0"/>
  </properties>
  <testcase name="shouldHandleErrorsDuringProcessingAndContinueWithNextOrder" classname="org.example.OrderProcessorTest" time="0.009">
    <system-out><![CDATA[[DEBUG] Generating valid payment scenarios for order: order1
[DEBUG] Adding full points scenario for order: order1
[DEBUG] Adding full card scenario for order: order1 with card: card1
[DEBUG] Adding full card scenario for order: order1 with card: card2
[DEBUG] Checking mixed scenarios for order: order1
[DEBUG] Points available: 200.00, Remaining amount: -100.00
[DEBUG] Card limit for card1: 1000.00
[DEBUG] Mixed scenario not applicable for order: order1 with card: card1
[DEBUG] Remaining amount is not positive
[DEBUG] Points available: 200.00, Remaining amount: -100.00
[DEBUG] Card limit for card2: 500.00
[DEBUG] Mixed scenario not applicable for order: order1 with card: card2
[DEBUG] Remaining amount is not positive
[DEBUG] Generated 3 valid payment scenarios for order: order1
[DEBUG] Generating valid payment scenarios for order: order2
[DEBUG] Full points scenario not applicable for order: order2
[DEBUG] Points limit: 100.00, Order value: 150.00
[DEBUG] Adding full card scenario for order: order2 with card: card1
[DEBUG] Adding full card scenario for order: order2 with card: card2
[DEBUG] Checking mixed scenarios for order: order2
[DEBUG] Points available: 100.00, Remaining amount: 50.00
[DEBUG] Card limit for card1: 1000.00
[DEBUG] Adding mixed scenario for order: order2 with card: card1
[DEBUG] Points available: 100.00, Remaining amount: 50.00
[DEBUG] Card limit for card2: 500.00
[DEBUG] Adding mixed scenario for order: order2 with card: card2
[DEBUG] Generated 4 valid payment scenarios for order: order2
[DEBUG] Generating valid payment scenarios for order: order3
[DEBUG] Full points scenario not applicable for order: order3
[DEBUG] Points limit: 0.00, Order value: 300.00
[DEBUG] Adding full card scenario for order: order3 with card: card1
[DEBUG] Adding full card scenario for order: order3 with card: card2
[DEBUG] Mixed scenarios not applicable for order: order3
[DEBUG] No points available
[DEBUG] Generated 2 valid payment scenarios for order: order3
[DEBUG] Generating valid payment scenarios for order: invalidOrder
[DEBUG] Full points scenario not applicable for order: invalidOrder
[DEBUG] Points limit: 0.00, Order value: 10000.00
[DEBUG] Full card scenario not applicable for order: invalidOrder with card: card1
[DEBUG] Card limit: 950.00, Order value: 10000.00
[DEBUG] Full card scenario not applicable for order: invalidOrder with card: card2
[DEBUG] Card limit: 200.00, Order value: 10000.00
[DEBUG] Mixed scenarios not applicable for order: invalidOrder
[DEBUG] No points available
[DEBUG] Generated 0 valid payment scenarios for order: invalidOrder
card1 50.00
card2 300.00
POINTS 200.00
]]></system-out>
    <system-err><![CDATA[Error processing order invalidOrder: No valid payment scenarios found for order: invalidOrder
Failed to process 1 orders:
  - invalidOrder - No valid payment scenarios found for order: invalidOrder
]]></system-err>
  </testcase>
  <testcase name="shouldHandleEmptyOrdersList" classname="org.example.OrderProcessorTest" time="0.0"/>
  <testcase name="shouldUpdateWalletByDeductingUsedFunds" classname="org.example.OrderProcessorTest" time="0.001">
    <system-out><![CDATA[[DEBUG_LOG] Initial points limit: 200.00
[DEBUG_LOG] Initial card1 limit: 1000.00
[DEBUG_LOG] Initial card2 limit: 500.00
[DEBUG] Generating valid payment scenarios for order: order1
[DEBUG] Adding full points scenario for order: order1
[DEBUG] Adding full card scenario for order: order1 with card: card1
[DEBUG] Adding full card scenario for order: order1 with card: card2
[DEBUG] Checking mixed scenarios for order: order1
[DEBUG] Points available: 200.00, Remaining amount: -100.00
[DEBUG] Card limit for card1: 1000.00
[DEBUG] Mixed scenario not applicable for order: order1 with card: card1
[DEBUG] Remaining amount is not positive
[DEBUG] Points available: 200.00, Remaining amount: -100.00
[DEBUG] Card limit for card2: 500.00
[DEBUG] Mixed scenario not applicable for order: order1 with card: card2
[DEBUG] Remaining amount is not positive
[DEBUG] Generated 3 valid payment scenarios for order: order1
[DEBUG] Generating valid payment scenarios for order: order2
[DEBUG] Full points scenario not applicable for order: order2
[DEBUG] Points limit: 100.00, Order value: 150.00
[DEBUG] Adding full card scenario for order: order2 with card: card1
[DEBUG] Adding full card scenario for order: order2 with card: card2
[DEBUG] Checking mixed scenarios for order: order2
[DEBUG] Points available: 100.00, Remaining amount: 50.00
[DEBUG] Card limit for card1: 1000.00
[DEBUG] Adding mixed scenario for order: order2 with card: card1
[DEBUG] Points available: 100.00, Remaining amount: 50.00
[DEBUG] Card limit for card2: 500.00
[DEBUG] Adding mixed scenario for order: order2 with card: card2
[DEBUG] Generated 4 valid payment scenarios for order: order2
[DEBUG] Generating valid payment scenarios for order: order3
[DEBUG] Full points scenario not applicable for order: order3
[DEBUG] Points limit: 0.00, Order value: 300.00
[DEBUG] Adding full card scenario for order: order3 with card: card1
[DEBUG] Adding full card scenario for order: order3 with card: card2
[DEBUG] Mixed scenarios not applicable for order: order3
[DEBUG] No points available
[DEBUG] Generated 2 valid payment scenarios for order: order3
card1 50.00
card2 300.00
POINTS 200.00
[DEBUG_LOG] Final points limit: 0.00
[DEBUG_LOG] Final card1 limit: 950.00
[DEBUG_LOG] Final card2 limit: 200.00
]]></system-out>
  </testcase>
  <testcase name="shouldProcessOrdersAndReturnFinalAllocations" classname="org.example.OrderProcessorTest" time="0.004">
    <system-out><![CDATA[[DEBUG] Generating valid payment scenarios for order: order1
[DEBUG] Adding full points scenario for order: order1
[DEBUG] Adding full card scenario for order: order1 with card: card1
[DEBUG] Adding full card scenario for order: order1 with card: card2
[DEBUG] Checking mixed scenarios for order: order1
[DEBUG] Points available: 200.00, Remaining amount: -100.00
[DEBUG] Card limit for card1: 1000.00
[DEBUG] Mixed scenario not applicable for order: order1 with card: card1
[DEBUG] Remaining amount is not positive
[DEBUG] Points available: 200.00, Remaining amount: -100.00
[DEBUG] Card limit for card2: 500.00
[DEBUG] Mixed scenario not applicable for order: order1 with card: card2
[DEBUG] Remaining amount is not positive
[DEBUG] Generated 3 valid payment scenarios for order: order1
[DEBUG] Generating valid payment scenarios for order: order2
[DEBUG] Full points scenario not applicable for order: order2
[DEBUG] Points limit: 100.00, Order value: 150.00
[DEBUG] Adding full card scenario for order: order2 with card: card1
[DEBUG] Adding full card scenario for order: order2 with card: card2
[DEBUG] Checking mixed scenarios for order: order2
[DEBUG] Points available: 100.00, Remaining amount: 50.00
[DEBUG] Card limit for card1: 1000.00
[DEBUG] Adding mixed scenario for order: order2 with card: card1
[DEBUG] Points available: 100.00, Remaining amount: 50.00
[DEBUG] Card limit for card2: 500.00
[DEBUG] Adding mixed scenario for order: order2 with card: card2
[DEBUG] Generated 4 valid payment scenarios for order: order2
[DEBUG] Generating valid payment scenarios for order: order3
[DEBUG] Full points scenario not applicable for order: order3
[DEBUG] Points limit: 0.00, Order value: 300.00
[DEBUG] Adding full card scenario for order: order3 with card: card1
[DEBUG] Adding full card scenario for order: order3 with card: card2
[DEBUG] Mixed scenarios not applicable for order: order3
[DEBUG] No points available
[DEBUG] Generated 2 valid payment scenarios for order: order3
card1 50.00
card2 300.00
POINTS 200.00
[DEBUG_LOG] Final allocations size: 3
[DEBUG_LOG] Scenario 0 - Order ID: order1
[DEBUG_LOG] Scenario 0 - Uses Card: false
[DEBUG_LOG] Scenario 0 - Uses Points: true
[DEBUG_LOG] Scenario 0 - Discount Value: 20.0000
[DEBUG_LOG] Scenario 1 - Order ID: order2
[DEBUG_LOG] Scenario 1 - Uses Card: true
[DEBUG_LOG] Scenario 1 - Uses Points: true
[DEBUG_LOG] Scenario 1 - Discount Value: 15.000
[DEBUG_LOG] Scenario 2 - Order ID: order3
[DEBUG_LOG] Scenario 2 - Uses Card: true
[DEBUG_LOG] Scenario 2 - Uses Points: false
[DEBUG_LOG] Scenario 2 - Discount Value: 45.0000
]]></system-out>
  </testcase>
  <testcase name="shouldKeepTrackOfFinalAllocations" classname="org.example.OrderProcessorTest" time="0.001">
    <system-out><![CDATA[[DEBUG] Generating valid payment scenarios for order: order1
[DEBUG] Adding full points scenario for order: order1
[DEBUG] Adding full card scenario for order: order1 with card: card1
[DEBUG] Adding full card scenario for order: order1 with card: card2
[DEBUG] Checking mixed scenarios for order: order1
[DEBUG] Points available: 200.00, Remaining amount: -100.00
[DEBUG] Card limit for card1: 1000.00
[DEBUG] Mixed scenario not applicable for order: order1 with card: card1
[DEBUG] Remaining amount is not positive
[DEBUG] Points available: 200.00, Remaining amount: -100.00
[DEBUG] Card limit for card2: 500.00
[DEBUG] Mixed scenario not applicable for order: order1 with card: card2
[DEBUG] Remaining amount is not positive
[DEBUG] Generated 3 valid payment scenarios for order: order1
[DEBUG] Generating valid payment scenarios for order: order2
[DEBUG] Full points scenario not applicable for order: order2
[DEBUG] Points limit: 100.00, Order value: 150.00
[DEBUG] Adding full card scenario for order: order2 with card: card1
[DEBUG] Adding full card scenario for order: order2 with card: card2
[DEBUG] Checking mixed scenarios for order: order2
[DEBUG] Points available: 100.00, Remaining amount: 50.00
[DEBUG] Card limit for card1: 1000.00
[DEBUG] Adding mixed scenario for order: order2 with card: card1
[DEBUG] Points available: 100.00, Remaining amount: 50.00
[DEBUG] Card limit for card2: 500.00
[DEBUG] Adding mixed scenario for order: order2 with card: card2
[DEBUG] Generated 4 valid payment scenarios for order: order2
[DEBUG] Generating valid payment scenarios for order: order3
[DEBUG] Full points scenario not applicable for order: order3
[DEBUG] Points limit: 0.00, Order value: 300.00
[DEBUG] Adding full card scenario for order: order3 with card: card1
[DEBUG] Adding full card scenario for order: order3 with card: card2
[DEBUG] Mixed scenarios not applicable for order: order3
[DEBUG] No points available
[DEBUG] Generated 2 valid payment scenarios for order: order3
card1 50.00
card2 300.00
POINTS 200.00
]]></system-out>
  </testcase>
  <testcase name="shouldThrowExceptionWhenParametersAreNull" classname="org.example.OrderProcessorTest" time="0.001"/>
</testsuite>